2025-03-26 18:13:17,686 - INFO - ✅ Bot พร้อมทำงาน: FIRE DETECT BOT#9241
2025-03-26 18:16:09,043 - INFO - ระบบปิดทำงานเสร็จสิ้น
2025-03-26 18:19:44,829 - INFO - ✅ Bot พร้อมทำงาน: FIRE DETECT BOT#9241
2025-03-26 18:25:33,783 - INFO - ✅ Bot พร้อมทำงาน: FIRE DETECT BOT#9241
2025-03-26 18:25:33,783 - INFO - ✅ Bot พร้อมทำงาน: FIRE DETECT BOT#9241
2025-03-26 18:25:43,036 - INFO - ระบบปิดทำงานเสร็จสิ้น
2025-03-26 18:25:43,036 - INFO - ระบบปิดทำงานเสร็จสิ้น
2025-03-26 18:26:05,115 - INFO - 🔄 รอให้ Discord Bot เชื่อมต่อ...
2025-03-26 18:26:05,115 - ERROR - ⚠️ ข้อผิดพลาดหลัก: Client has not been properly initialised. Please use the login method or asynchronous context manager before calling this method
Traceback (most recent call last):
  File "C:\Users\65307\fire_detection_project\fire-discord12-wintest.py", line 158, in main
    await system.client.wait_until_ready()
  File "D:\Users\65307\miniconda3\envs\fire_detection\lib\site-packages\discord\client.py", line 1203, in wait_until_ready
    raise RuntimeError(
RuntimeError: Client has not been properly initialised. Please use the login method or asynchronous context manager before calling this method
2025-03-26 18:26:05,120 - INFO - ✅ ระบบปิดทำงานเสร็จสิ้น
2025-03-26 18:26:29,711 - INFO - 🔄 รอให้ Discord Bot เชื่อมต่อ...
2025-03-26 18:26:29,712 - ERROR - ⚠️ ข้อผิดพลาดหลัก: Client has not been properly initialised. Please use the login method or asynchronous context manager before calling this method
Traceback (most recent call last):
  File "C:\Users\65307\fire_detection_project\fire-discord12-wintest.py", line 158, in main
    await system.client.wait_until_ready()
  File "D:\Users\65307\miniconda3\envs\fire_detection\lib\site-packages\discord\client.py", line 1203, in wait_until_ready
    raise RuntimeError(
RuntimeError: Client has not been properly initialised. Please use the login method or asynchronous context manager before calling this method
2025-03-26 18:26:29,716 - INFO - ✅ ระบบปิดทำงานเสร็จสิ้น
2025-03-26 18:29:54,829 - INFO - 🔍 กำลังเปิดกล้อง index: 0
2025-03-26 18:29:57,366 - INFO - 🔄 กำลังโหลดโมเดล: best12.pt
2025-03-26 18:29:57,715 - INFO - ✅ โหลดโมเดลสำเร็จ
2025-03-26 18:29:57,715 - INFO - 🚀 เริ่มการตรวจจับ...
2025-03-26 18:30:07,495 - INFO - 📸 บันทึกรูป: detection_1742988607.jpg
2025-03-26 18:33:05,213 - INFO - 🛑 ปิดระบบตรวจจับ
2025-03-26 18:33:05,213 - ERROR - ❌ ไม่พบช่อง Discord (ID: 1348828995558441010)
2025-03-26 18:33:05,229 - INFO - 🛑 หยุดโดยผู้ใช้
2025-03-26 18:33:05,229 - INFO - ✅ ระบบปิดทำงานเสร็จสิ้น
2025-03-26 18:35:05,402 - INFO - 🔍 กำลังเปิดกล้อง index: 0
2025-03-26 18:35:10,444 - INFO - 🔄 กำลังโหลดโมเดล: best12.pt
2025-03-26 18:35:11,085 - INFO - ✅ โหลดโมเดลสำเร็จ
2025-03-26 18:35:11,087 - INFO - 🚀 เริ่มการตรวจจับ...
2025-03-26 18:35:30,903 - INFO - 📸 บันทึกรูป: detection_1742988930.jpg
2025-03-26 18:36:06,440 - INFO - 🛑 ปิดระบบตรวจจับ
2025-03-26 18:36:06,448 - ERROR - ❌ ไม่พบช่อง Discord (ID: 1354418108126855171)
2025-03-26 18:36:06,458 - INFO - 🛑 หยุดโดยผู้ใช้
2025-03-26 18:36:06,464 - INFO - ✅ ระบบปิดทำงานเสร็จสิ้น
